{"C:\\Users\\songh\\OneDrive\\Desktop\\vidly\\index.js": {"path":"C:\\Users\\songh\\OneDrive\\Desktop\\vidly\\index.js","statementMap":{"0":{"start":{"line":1,"column":0},"end":{"line":1,"column":27}},"1":{"start":{"line":2,"column":16},"end":{"line":2,"column":34}},"2":{"start":{"line":3,"column":16},"end":{"line":3,"column":34}},"3":{"start":{"line":5,"column":12},"end":{"line":5,"column":21}},"4":{"start":{"line":7,"column":0},"end":{"line":7,"column":34}},"5":{"start":{"line":8,"column":0},"end":{"line":8,"column":31}},"6":{"start":{"line":9,"column":0},"end":{"line":9,"column":33}},"7":{"start":{"line":10,"column":0},"end":{"line":10,"column":32}},"8":{"start":{"line":11,"column":0},"end":{"line":11,"column":30}},"9":{"start":{"line":13,"column":13},"end":{"line":13,"column":29}},"10":{"start":{"line":15,"column":15},"end":{"line":18,"column":2}},"11":{"start":{"line":16,"column":2},"end":{"line":16,"column":49}},"12":{"start":{"line":17,"column":2},"end":{"line":17,"column":48}},"13":{"start":{"line":20,"column":0},"end":{"line":20,"column":24}}},"fnMap":{"0":{"name":"(anonymous_0)","decl":{"start":{"line":15,"column":32},"end":{"line":15,"column":33}},"loc":{"start":{"line":15,"column":38},"end":{"line":18,"column":1}},"line":15}},"branchMap":{},"s":{"0":2,"1":2,"2":2,"3":2,"4":2,"5":2,"6":2,"7":2,"8":2,"9":2,"10":2,"11":2,"12":2,"13":2},"f":{"0":2},"b":{},"_coverageSchema":"1a1c01bbd47fc00a2c39e90264f33305004495a9","hash":"05b6c1e6941a052fc2e809bfc824670bcad88bf6"}
,"C:\\Users\\songh\\OneDrive\\Desktop\\vidly\\middleware\\admin.js": {"path":"C:\\Users\\songh\\OneDrive\\Desktop\\vidly\\middleware\\admin.js","statementMap":{"0":{"start":{"line":1,"column":0},"end":{"line":5,"column":2}},"1":{"start":{"line":2,"column":2},"end":{"line":2,"column":63}},"2":{"start":{"line":2,"column":25},"end":{"line":2,"column":63}},"3":{"start":{"line":4,"column":2},"end":{"line":4,"column":9}}},"fnMap":{"0":{"name":"(anonymous_0)","decl":{"start":{"line":1,"column":17},"end":{"line":1,"column":18}},"loc":{"start":{"line":1,"column":43},"end":{"line":5,"column":1}},"line":1}},"branchMap":{"0":{"loc":{"start":{"line":2,"column":2},"end":{"line":2,"column":63}},"type":"if","locations":[{"start":{"line":2,"column":2},"end":{"line":2,"column":63}},{"start":{},"end":{}}],"line":2}},"s":{"0":2,"1":0,"2":0,"3":0},"f":{"0":0},"b":{"0":[0,0]},"_coverageSchema":"1a1c01bbd47fc00a2c39e90264f33305004495a9","hash":"8b81ac67885d620e068f0d6f498e459a4e6ed543"}
,"C:\\Users\\songh\\OneDrive\\Desktop\\vidly\\middleware\\async.js": {"path":"C:\\Users\\songh\\OneDrive\\Desktop\\vidly\\middleware\\async.js","statementMap":{"0":{"start":{"line":1,"column":0},"end":{"line":9,"column":2}},"1":{"start":{"line":2,"column":2},"end":{"line":8,"column":4}},"2":{"start":{"line":3,"column":4},"end":{"line":7,"column":5}},"3":{"start":{"line":4,"column":6},"end":{"line":4,"column":30}},"4":{"start":{"line":6,"column":6},"end":{"line":6,"column":15}}},"fnMap":{"0":{"name":"(anonymous_0)","decl":{"start":{"line":1,"column":17},"end":{"line":1,"column":18}},"loc":{"start":{"line":1,"column":36},"end":{"line":9,"column":1}},"line":1},"1":{"name":"(anonymous_1)","decl":{"start":{"line":2,"column":9},"end":{"line":2,"column":10}},"loc":{"start":{"line":2,"column":35},"end":{"line":8,"column":3}},"line":2}},"branchMap":{},"s":{"0":2,"1":0,"2":0,"3":0,"4":0},"f":{"0":0,"1":0},"b":{},"_coverageSchema":"1a1c01bbd47fc00a2c39e90264f33305004495a9","hash":"494380cd266fd9f43daca96430490be5e3ec657e"}
,"C:\\Users\\songh\\OneDrive\\Desktop\\vidly\\middleware\\auth.js": {"path":"C:\\Users\\songh\\OneDrive\\Desktop\\vidly\\middleware\\auth.js","statementMap":{"0":{"start":{"line":1,"column":12},"end":{"line":1,"column":35}},"1":{"start":{"line":2,"column":0},"end":{"line":13,"column":2}},"2":{"start":{"line":3,"column":16},"end":{"line":3,"column":42}},"3":{"start":{"line":4,"column":2},"end":{"line":4,"column":78}},"4":{"start":{"line":4,"column":14},"end":{"line":4,"column":78}},"5":{"start":{"line":6,"column":2},"end":{"line":12,"column":3}},"6":{"start":{"line":7,"column":20},"end":{"line":7,"column":64}},"7":{"start":{"line":8,"column":4},"end":{"line":8,"column":23}},"8":{"start":{"line":9,"column":4},"end":{"line":9,"column":11}},"9":{"start":{"line":11,"column":4},"end":{"line":11,"column":42}}},"fnMap":{"0":{"name":"(anonymous_0)","decl":{"start":{"line":2,"column":17},"end":{"line":2,"column":18}},"loc":{"start":{"line":2,"column":43},"end":{"line":13,"column":1}},"line":2}},"branchMap":{"0":{"loc":{"start":{"line":4,"column":2},"end":{"line":4,"column":78}},"type":"if","locations":[{"start":{"line":4,"column":2},"end":{"line":4,"column":78}},{"start":{},"end":{}}],"line":4}},"s":{"0":3,"1":3,"2":9,"3":9,"4":2,"5":7,"6":7,"7":6,"8":6,"9":1},"f":{"0":9},"b":{"0":[2,7]},"_coverageSchema":"1a1c01bbd47fc00a2c39e90264f33305004495a9","hash":"dda8d0866fca1b612e7f16c532786228938d7d39"}
,"C:\\Users\\songh\\OneDrive\\Desktop\\vidly\\middleware\\error.js": {"path":"C:\\Users\\songh\\OneDrive\\Desktop\\vidly\\middleware\\error.js","statementMap":{"0":{"start":{"line":1,"column":16},"end":{"line":1,"column":34}},"1":{"start":{"line":2,"column":0},"end":{"line":5,"column":2}},"2":{"start":{"line":3,"column":2},"end":{"line":3,"column":34}},"3":{"start":{"line":4,"column":2},"end":{"line":4,"column":56}}},"fnMap":{"0":{"name":"(anonymous_0)","decl":{"start":{"line":2,"column":17},"end":{"line":2,"column":18}},"loc":{"start":{"line":2,"column":48},"end":{"line":5,"column":1}},"line":2}},"branchMap":{},"s":{"0":2,"1":2,"2":0,"3":0},"f":{"0":0},"b":{},"_coverageSchema":"1a1c01bbd47fc00a2c39e90264f33305004495a9","hash":"85b3787e28ab238409bce45c3ebad8e6524bbf62"}
,"C:\\Users\\songh\\OneDrive\\Desktop\\vidly\\middleware\\validateObejectId.js": {"path":"C:\\Users\\songh\\OneDrive\\Desktop\\vidly\\middleware\\validateObejectId.js","statementMap":{"0":{"start":{"line":1,"column":17},"end":{"line":1,"column":36}},"1":{"start":{"line":2,"column":0},"end":{"line":6,"column":2}},"2":{"start":{"line":3,"column":2},"end":{"line":4,"column":46}},"3":{"start":{"line":4,"column":4},"end":{"line":4,"column":46}},"4":{"start":{"line":5,"column":2},"end":{"line":5,"column":9}}},"fnMap":{"0":{"name":"(anonymous_0)","decl":{"start":{"line":2,"column":17},"end":{"line":2,"column":18}},"loc":{"start":{"line":2,"column":43},"end":{"line":6,"column":1}},"line":2}},"branchMap":{"0":{"loc":{"start":{"line":3,"column":2},"end":{"line":4,"column":46}},"type":"if","locations":[{"start":{"line":3,"column":2},"end":{"line":4,"column":46}},{"start":{},"end":{}}],"line":3}},"s":{"0":2,"1":2,"2":2,"3":1,"4":1},"f":{"0":2},"b":{"0":[1,1]},"_coverageSchema":"1a1c01bbd47fc00a2c39e90264f33305004495a9","hash":"64288231d40d2eaf6596dafcd6faf70db10810e4"}
,"C:\\Users\\songh\\OneDrive\\Desktop\\vidly\\models\\customer.js": {"path":"C:\\Users\\songh\\OneDrive\\Desktop\\vidly\\models\\customer.js","statementMap":{"0":{"start":{"line":1,"column":17},"end":{"line":1,"column":36}},"1":{"start":{"line":3,"column":23},"end":{"line":20,"column":2}},"2":{"start":{"line":22,"column":17},"end":{"line":22,"column":59}},"3":{"start":{"line":24,"column":0},"end":{"line":24,"column":26}},"4":{"start":{"line":25,"column":0},"end":{"line":25,"column":47}}},"fnMap":{},"branchMap":{},"s":{"0":2,"1":2,"2":2,"3":2,"4":2},"f":{},"b":{},"_coverageSchema":"1a1c01bbd47fc00a2c39e90264f33305004495a9","hash":"fcb3b14f1518e98fb62e2120be0453825302daf6"}
,"C:\\Users\\songh\\OneDrive\\Desktop\\vidly\\models\\genre.js": {"path":"C:\\Users\\songh\\OneDrive\\Desktop\\vidly\\models\\genre.js","statementMap":{"0":{"start":{"line":1,"column":17},"end":{"line":1,"column":36}},"1":{"start":{"line":3,"column":20},"end":{"line":10,"column":2}},"2":{"start":{"line":12,"column":14},"end":{"line":12,"column":50}},"3":{"start":{"line":14,"column":0},"end":{"line":14,"column":29}},"4":{"start":{"line":15,"column":0},"end":{"line":15,"column":41}}},"fnMap":{},"branchMap":{},"s":{"0":2,"1":2,"2":2,"3":2,"4":2},"f":{},"b":{},"_coverageSchema":"1a1c01bbd47fc00a2c39e90264f33305004495a9","hash":"b1ff9367a229d21dd918c5c9a610c234606f213e"}
,"C:\\Users\\songh\\OneDrive\\Desktop\\vidly\\models\\movie.js": {"path":"C:\\Users\\songh\\OneDrive\\Desktop\\vidly\\models\\movie.js","statementMap":{"0":{"start":{"line":1,"column":17},"end":{"line":1,"column":36}},"1":{"start":{"line":2,"column":24},"end":{"line":2,"column":42}},"2":{"start":{"line":4,"column":20},"end":{"line":25,"column":2}},"3":{"start":{"line":26,"column":14},"end":{"line":26,"column":50}},"4":{"start":{"line":28,"column":0},"end":{"line":28,"column":23}},"5":{"start":{"line":29,"column":0},"end":{"line":29,"column":41}}},"fnMap":{},"branchMap":{},"s":{"0":2,"1":2,"2":2,"3":2,"4":2,"5":2},"f":{},"b":{},"_coverageSchema":"1a1c01bbd47fc00a2c39e90264f33305004495a9","hash":"d3d0c0e70d82b47608ccad76cdde92445a6f937d"}
,"C:\\Users\\songh\\OneDrive\\Desktop\\vidly\\models\\rental.js": {"path":"C:\\Users\\songh\\OneDrive\\Desktop\\vidly\\models\\rental.js","statementMap":{"0":{"start":{"line":1,"column":17},"end":{"line":1,"column":36}},"1":{"start":{"line":3,"column":21},"end":{"line":55,"column":2}},"2":{"start":{"line":57,"column":15},"end":{"line":57,"column":54}},"3":{"start":{"line":59,"column":0},"end":{"line":59,"column":24}},"4":{"start":{"line":60,"column":0},"end":{"line":60,"column":43}}},"fnMap":{},"branchMap":{},"s":{"0":2,"1":2,"2":2,"3":2,"4":2},"f":{},"b":{},"_coverageSchema":"1a1c01bbd47fc00a2c39e90264f33305004495a9","hash":"7c5a221e04adf0353bb75b8759b6f2da07492da0"}
,"C:\\Users\\songh\\OneDrive\\Desktop\\vidly\\models\\user.js": {"path":"C:\\Users\\songh\\OneDrive\\Desktop\\vidly\\models\\user.js","statementMap":{"0":{"start":{"line":1,"column":17},"end":{"line":1,"column":36}},"1":{"start":{"line":2,"column":12},"end":{"line":2,"column":35}},"2":{"start":{"line":4,"column":19},"end":{"line":19,"column":2}},"3":{"start":{"line":21,"column":0},"end":{"line":25,"column":2}},"4":{"start":{"line":22,"column":20},"end":{"line":22,"column":45}},"5":{"start":{"line":23,"column":16},"end":{"line":23,"column":77}},"6":{"start":{"line":24,"column":2},"end":{"line":24,"column":15}},"7":{"start":{"line":27,"column":13},"end":{"line":27,"column":47}},"8":{"start":{"line":29,"column":0},"end":{"line":29,"column":20}},"9":{"start":{"line":30,"column":0},"end":{"line":30,"column":32}}},"fnMap":{"0":{"name":"(anonymous_0)","decl":{"start":{"line":21,"column":39},"end":{"line":21,"column":40}},"loc":{"start":{"line":21,"column":51},"end":{"line":25,"column":1}},"line":21}},"branchMap":{},"s":{"0":4,"1":4,"2":4,"3":4,"4":14,"5":14,"6":14,"7":4,"8":4,"9":4},"f":{"0":14},"b":{},"_coverageSchema":"1a1c01bbd47fc00a2c39e90264f33305004495a9","hash":"5689505781fda376b20cc787a290c1f79f20a942"}
,"C:\\Users\\songh\\OneDrive\\Desktop\\vidly\\routes\\auth.js": {"path":"C:\\Users\\songh\\OneDrive\\Desktop\\vidly\\routes\\auth.js","statementMap":{"0":{"start":{"line":1,"column":15},"end":{"line":1,"column":32}},"1":{"start":{"line":2,"column":16},"end":{"line":2,"column":34}},"2":{"start":{"line":3,"column":12},"end":{"line":3,"column":26}},"3":{"start":{"line":4,"column":13},"end":{"line":4,"column":38}},"4":{"start":{"line":6,"column":15},"end":{"line":6,"column":31}},"5":{"start":{"line":8,"column":15},"end":{"line":11,"column":2}},"6":{"start":{"line":13,"column":0},"end":{"line":26,"column":3}},"7":{"start":{"line":14,"column":20},"end":{"line":14,"column":45}},"8":{"start":{"line":15,"column":2},"end":{"line":15,"column":67}},"9":{"start":{"line":15,"column":13},"end":{"line":15,"column":67}},"10":{"start":{"line":17,"column":13},"end":{"line":17,"column":58}},"11":{"start":{"line":18,"column":2},"end":{"line":18,"column":71}},"12":{"start":{"line":18,"column":13},"end":{"line":18,"column":71}},"13":{"start":{"line":20,"column":24},"end":{"line":20,"column":78}},"14":{"start":{"line":21,"column":2},"end":{"line":21,"column":80}},"15":{"start":{"line":21,"column":22},"end":{"line":21,"column":80}},"16":{"start":{"line":23,"column":16},"end":{"line":23,"column":40}},"17":{"start":{"line":25,"column":2},"end":{"line":25,"column":18}},"18":{"start":{"line":28,"column":0},"end":{"line":28,"column":24}}},"fnMap":{"0":{"name":"(anonymous_0)","decl":{"start":{"line":13,"column":17},"end":{"line":13,"column":18}},"loc":{"start":{"line":13,"column":37},"end":{"line":26,"column":1}},"line":13}},"branchMap":{"0":{"loc":{"start":{"line":15,"column":2},"end":{"line":15,"column":67}},"type":"if","locations":[{"start":{"line":15,"column":2},"end":{"line":15,"column":67}},{"start":{},"end":{}}],"line":15},"1":{"loc":{"start":{"line":18,"column":2},"end":{"line":18,"column":71}},"type":"if","locations":[{"start":{"line":18,"column":2},"end":{"line":18,"column":71}},{"start":{},"end":{}}],"line":18},"2":{"loc":{"start":{"line":21,"column":2},"end":{"line":21,"column":80}},"type":"if","locations":[{"start":{"line":21,"column":2},"end":{"line":21,"column":80}},{"start":{},"end":{}}],"line":21}},"s":{"0":2,"1":2,"2":2,"3":2,"4":2,"5":2,"6":2,"7":0,"8":0,"9":0,"10":0,"11":0,"12":0,"13":0,"14":0,"15":0,"16":0,"17":0,"18":2},"f":{"0":0},"b":{"0":[0,0],"1":[0,0],"2":[0,0]},"_coverageSchema":"1a1c01bbd47fc00a2c39e90264f33305004495a9","hash":"8e3371ee74cfd50eda9c3856ad634b609438ff9d"}
,"C:\\Users\\songh\\OneDrive\\Desktop\\vidly\\routes\\customer.js": {"path":"C:\\Users\\songh\\OneDrive\\Desktop\\vidly\\routes\\customer.js","statementMap":{"0":{"start":{"line":1,"column":13},"end":{"line":1,"column":42}},"1":{"start":{"line":2,"column":0},"end":{"line":2,"column":27}},"2":{"start":{"line":3,"column":16},"end":{"line":3,"column":34}},"3":{"start":{"line":4,"column":17},"end":{"line":4,"column":46}},"4":{"start":{"line":6,"column":12},"end":{"line":6,"column":26}},"5":{"start":{"line":8,"column":15},"end":{"line":8,"column":31}},"6":{"start":{"line":10,"column":15},"end":{"line":13,"column":2}},"7":{"start":{"line":15,"column":0},"end":{"line":21,"column":3}},"8":{"start":{"line":16,"column":19},"end":{"line":18,"column":17}},"9":{"start":{"line":19,"column":2},"end":{"line":19,"column":24}},"10":{"start":{"line":20,"column":2},"end":{"line":20,"column":21}},"11":{"start":{"line":23,"column":0},"end":{"line":34,"column":3}},"12":{"start":{"line":24,"column":2},"end":{"line":33,"column":3}},"13":{"start":{"line":25,"column":21},"end":{"line":25,"column":59}},"14":{"start":{"line":26,"column":4},"end":{"line":27,"column":68}},"15":{"start":{"line":27,"column":6},"end":{"line":27,"column":68}},"16":{"start":{"line":29,"column":4},"end":{"line":29,"column":23}},"17":{"start":{"line":31,"column":4},"end":{"line":31,"column":29}},"18":{"start":{"line":32,"column":4},"end":{"line":32,"column":49}},"19":{"start":{"line":36,"column":0},"end":{"line":53,"column":3}},"20":{"start":{"line":37,"column":20},"end":{"line":37,"column":45}},"21":{"start":{"line":38,"column":2},"end":{"line":38,"column":67}},"22":{"start":{"line":38,"column":13},"end":{"line":38,"column":67}},"23":{"start":{"line":40,"column":2},"end":{"line":52,"column":3}},"24":{"start":{"line":41,"column":19},"end":{"line":45,"column":6}},"25":{"start":{"line":46,"column":4},"end":{"line":46,"column":37}},"26":{"start":{"line":48,"column":4},"end":{"line":48,"column":23}},"27":{"start":{"line":50,"column":4},"end":{"line":50,"column":29}},"28":{"start":{"line":51,"column":4},"end":{"line":51,"column":70}},"29":{"start":{"line":55,"column":0},"end":{"line":68,"column":3}},"30":{"start":{"line":56,"column":20},"end":{"line":56,"column":45}},"31":{"start":{"line":57,"column":2},"end":{"line":57,"column":67}},"32":{"start":{"line":57,"column":13},"end":{"line":57,"column":67}},"33":{"start":{"line":59,"column":19},"end":{"line":64,"column":3}},"34":{"start":{"line":66,"column":2},"end":{"line":66,"column":79}},"35":{"start":{"line":66,"column":17},"end":{"line":66,"column":79}},"36":{"start":{"line":67,"column":2},"end":{"line":67,"column":21}},"37":{"start":{"line":70,"column":0},"end":{"line":74,"column":3}},"38":{"start":{"line":71,"column":19},"end":{"line":71,"column":66}},"39":{"start":{"line":72,"column":2},"end":{"line":72,"column":77}},"40":{"start":{"line":72,"column":17},"end":{"line":72,"column":77}},"41":{"start":{"line":73,"column":2},"end":{"line":73,"column":21}},"42":{"start":{"line":76,"column":0},"end":{"line":76,"column":24}}},"fnMap":{"0":{"name":"(anonymous_0)","decl":{"start":{"line":15,"column":16},"end":{"line":15,"column":17}},"loc":{"start":{"line":15,"column":36},"end":{"line":21,"column":1}},"line":15},"1":{"name":"(anonymous_1)","decl":{"start":{"line":23,"column":19},"end":{"line":23,"column":20}},"loc":{"start":{"line":23,"column":39},"end":{"line":34,"column":1}},"line":23},"2":{"name":"(anonymous_2)","decl":{"start":{"line":36,"column":23},"end":{"line":36,"column":24}},"loc":{"start":{"line":36,"column":43},"end":{"line":53,"column":1}},"line":36},"3":{"name":"(anonymous_3)","decl":{"start":{"line":55,"column":25},"end":{"line":55,"column":26}},"loc":{"start":{"line":55,"column":45},"end":{"line":68,"column":1}},"line":55},"4":{"name":"(anonymous_4)","decl":{"start":{"line":70,"column":28},"end":{"line":70,"column":29}},"loc":{"start":{"line":70,"column":48},"end":{"line":74,"column":1}},"line":70}},"branchMap":{"0":{"loc":{"start":{"line":26,"column":4},"end":{"line":27,"column":68}},"type":"if","locations":[{"start":{"line":26,"column":4},"end":{"line":27,"column":68}},{"start":{},"end":{}}],"line":26},"1":{"loc":{"start":{"line":38,"column":2},"end":{"line":38,"column":67}},"type":"if","locations":[{"start":{"line":38,"column":2},"end":{"line":38,"column":67}},{"start":{},"end":{}}],"line":38},"2":{"loc":{"start":{"line":57,"column":2},"end":{"line":57,"column":67}},"type":"if","locations":[{"start":{"line":57,"column":2},"end":{"line":57,"column":67}},{"start":{},"end":{}}],"line":57},"3":{"loc":{"start":{"line":66,"column":2},"end":{"line":66,"column":79}},"type":"if","locations":[{"start":{"line":66,"column":2},"end":{"line":66,"column":79}},{"start":{},"end":{}}],"line":66},"4":{"loc":{"start":{"line":72,"column":2},"end":{"line":72,"column":77}},"type":"if","locations":[{"start":{"line":72,"column":2},"end":{"line":72,"column":77}},{"start":{},"end":{}}],"line":72}},"s":{"0":2,"1":2,"2":2,"3":2,"4":2,"5":2,"6":2,"7":2,"8":0,"9":0,"10":0,"11":2,"12":0,"13":0,"14":0,"15":0,"16":0,"17":0,"18":0,"19":2,"20":0,"21":0,"22":0,"23":0,"24":0,"25":0,"26":0,"27":0,"28":0,"29":2,"30":0,"31":0,"32":0,"33":0,"34":0,"35":0,"36":0,"37":2,"38":0,"39":0,"40":0,"41":0,"42":2},"f":{"0":0,"1":0,"2":0,"3":0,"4":0},"b":{"0":[0,0],"1":[0,0],"2":[0,0],"3":[0,0],"4":[0,0]},"_coverageSchema":"1a1c01bbd47fc00a2c39e90264f33305004495a9","hash":"b4ef7f000384057cc72b794d4d92d886dd6c0ab7"}
,"C:\\Users\\songh\\OneDrive\\Desktop\\vidly\\routes\\genre.js": {"path":"C:\\Users\\songh\\OneDrive\\Desktop\\vidly\\routes\\genre.js","statementMap":{"0":{"start":{"line":1,"column":0},"end":{"line":1,"column":27}},"1":{"start":{"line":2,"column":16},"end":{"line":2,"column":34}},"2":{"start":{"line":3,"column":27},"end":{"line":3,"column":69}},"3":{"start":{"line":4,"column":18},"end":{"line":4,"column":44}},"4":{"start":{"line":5,"column":12},"end":{"line":5,"column":26}},"5":{"start":{"line":6,"column":13},"end":{"line":6,"column":42}},"6":{"start":{"line":7,"column":14},"end":{"line":7,"column":44}},"7":{"start":{"line":8,"column":24},"end":{"line":8,"column":54}},"8":{"start":{"line":9,"column":30},"end":{"line":9,"column":49}},"9":{"start":{"line":11,"column":15},"end":{"line":11,"column":31}},"10":{"start":{"line":13,"column":15},"end":{"line":15,"column":2}},"11":{"start":{"line":17,"column":0},"end":{"line":21,"column":3}},"12":{"start":{"line":18,"column":16},"end":{"line":18,"column":49}},"13":{"start":{"line":19,"column":2},"end":{"line":19,"column":18}},"14":{"start":{"line":20,"column":2},"end":{"line":20,"column":21}},"15":{"start":{"line":23,"column":0},"end":{"line":33,"column":3}},"16":{"start":{"line":24,"column":2},"end":{"line":32,"column":3}},"17":{"start":{"line":25,"column":18},"end":{"line":25,"column":53}},"18":{"start":{"line":26,"column":4},"end":{"line":27,"column":74}},"19":{"start":{"line":27,"column":6},"end":{"line":27,"column":74}},"20":{"start":{"line":29,"column":4},"end":{"line":29,"column":20}},"21":{"start":{"line":31,"column":4},"end":{"line":31,"column":42}},"22":{"start":{"line":35,"column":0},"end":{"line":50,"column":3}},"23":{"start":{"line":36,"column":2},"end":{"line":36,"column":46}},"24":{"start":{"line":37,"column":2},"end":{"line":37,"column":44}},"25":{"start":{"line":38,"column":20},"end":{"line":38,"column":45}},"26":{"start":{"line":39,"column":2},"end":{"line":39,"column":67}},"27":{"start":{"line":39,"column":13},"end":{"line":39,"column":67}},"28":{"start":{"line":41,"column":2},"end":{"line":49,"column":3}},"29":{"start":{"line":42,"column":16},"end":{"line":42,"column":50}},"30":{"start":{"line":43,"column":4},"end":{"line":43,"column":31}},"31":{"start":{"line":45,"column":4},"end":{"line":45,"column":20}},"32":{"start":{"line":47,"column":4},"end":{"line":47,"column":42}},"33":{"start":{"line":48,"column":4},"end":{"line":48,"column":68}},"34":{"start":{"line":52,"column":0},"end":{"line":64,"column":3}},"35":{"start":{"line":53,"column":20},"end":{"line":53,"column":45}},"36":{"start":{"line":54,"column":2},"end":{"line":54,"column":67}},"37":{"start":{"line":54,"column":13},"end":{"line":54,"column":67}},"38":{"start":{"line":56,"column":16},"end":{"line":60,"column":3}},"39":{"start":{"line":62,"column":2},"end":{"line":62,"column":74}},"40":{"start":{"line":62,"column":14},"end":{"line":62,"column":74}},"41":{"start":{"line":63,"column":2},"end":{"line":63,"column":18}},"42":{"start":{"line":66,"column":0},"end":{"line":71,"column":3}},"43":{"start":{"line":67,"column":16},"end":{"line":67,"column":68}},"44":{"start":{"line":68,"column":2},"end":{"line":69,"column":74}},"45":{"start":{"line":69,"column":4},"end":{"line":69,"column":74}},"46":{"start":{"line":70,"column":2},"end":{"line":70,"column":18}},"47":{"start":{"line":73,"column":0},"end":{"line":73,"column":24}}},"fnMap":{"0":{"name":"(anonymous_0)","decl":{"start":{"line":17,"column":16},"end":{"line":17,"column":17}},"loc":{"start":{"line":17,"column":36},"end":{"line":21,"column":1}},"line":17},"1":{"name":"(anonymous_1)","decl":{"start":{"line":23,"column":39},"end":{"line":23,"column":40}},"loc":{"start":{"line":23,"column":59},"end":{"line":33,"column":1}},"line":23},"2":{"name":"(anonymous_2)","decl":{"start":{"line":35,"column":23},"end":{"line":35,"column":24}},"loc":{"start":{"line":35,"column":43},"end":{"line":50,"column":1}},"line":35},"3":{"name":"(anonymous_3)","decl":{"start":{"line":52,"column":25},"end":{"line":52,"column":26}},"loc":{"start":{"line":52,"column":45},"end":{"line":64,"column":1}},"line":52},"4":{"name":"(anonymous_4)","decl":{"start":{"line":66,"column":37},"end":{"line":66,"column":38}},"loc":{"start":{"line":66,"column":57},"end":{"line":71,"column":1}},"line":66}},"branchMap":{"0":{"loc":{"start":{"line":26,"column":4},"end":{"line":27,"column":74}},"type":"if","locations":[{"start":{"line":26,"column":4},"end":{"line":27,"column":74}},{"start":{},"end":{}}],"line":26},"1":{"loc":{"start":{"line":39,"column":2},"end":{"line":39,"column":67}},"type":"if","locations":[{"start":{"line":39,"column":2},"end":{"line":39,"column":67}},{"start":{},"end":{}}],"line":39},"2":{"loc":{"start":{"line":54,"column":2},"end":{"line":54,"column":67}},"type":"if","locations":[{"start":{"line":54,"column":2},"end":{"line":54,"column":67}},{"start":{},"end":{}}],"line":54},"3":{"loc":{"start":{"line":62,"column":2},"end":{"line":62,"column":74}},"type":"if","locations":[{"start":{"line":62,"column":2},"end":{"line":62,"column":74}},{"start":{},"end":{}}],"line":62},"4":{"loc":{"start":{"line":68,"column":2},"end":{"line":69,"column":74}},"type":"if","locations":[{"start":{"line":68,"column":2},"end":{"line":69,"column":74}},{"start":{},"end":{}}],"line":68}},"s":{"0":2,"1":2,"2":2,"3":2,"4":2,"5":2,"6":2,"7":2,"8":2,"9":2,"10":2,"11":2,"12":1,"13":1,"14":1,"15":2,"16":1,"17":1,"18":1,"19":0,"20":1,"21":0,"22":2,"23":5,"24":5,"25":5,"26":5,"27":2,"28":3,"29":3,"30":3,"31":3,"32":0,"33":0,"34":2,"35":0,"36":0,"37":0,"38":0,"39":0,"40":0,"41":0,"42":2,"43":0,"44":0,"45":0,"46":0,"47":2},"f":{"0":1,"1":1,"2":5,"3":0,"4":0},"b":{"0":[0,1],"1":[2,3],"2":[0,0],"3":[0,0],"4":[0,0]},"_coverageSchema":"1a1c01bbd47fc00a2c39e90264f33305004495a9","hash":"19cbde0aca91d4f8514fa78dc8b86aff4b84cbd7"}
,"C:\\Users\\songh\\OneDrive\\Desktop\\vidly\\routes\\homepage.js": {"path":"C:\\Users\\songh\\OneDrive\\Desktop\\vidly\\routes\\homepage.js","statementMap":{"0":{"start":{"line":1,"column":16},"end":{"line":1,"column":34}},"1":{"start":{"line":3,"column":15},"end":{"line":3,"column":31}},"2":{"start":{"line":5,"column":0},"end":{"line":7,"column":3}},"3":{"start":{"line":6,"column":2},"end":{"line":6,"column":30}},"4":{"start":{"line":9,"column":0},"end":{"line":9,"column":24}}},"fnMap":{"0":{"name":"(anonymous_0)","decl":{"start":{"line":5,"column":16},"end":{"line":5,"column":17}},"loc":{"start":{"line":5,"column":30},"end":{"line":7,"column":1}},"line":5}},"branchMap":{},"s":{"0":2,"1":2,"2":2,"3":0,"4":2},"f":{"0":0},"b":{},"_coverageSchema":"1a1c01bbd47fc00a2c39e90264f33305004495a9","hash":"2043a6ab5e2b2a0eb51420ba5abf7290f659cd9d"}
,"C:\\Users\\songh\\OneDrive\\Desktop\\vidly\\routes\\movie.js": {"path":"C:\\Users\\songh\\OneDrive\\Desktop\\vidly\\routes\\movie.js","statementMap":{"0":{"start":{"line":1,"column":13},"end":{"line":1,"column":42}},"1":{"start":{"line":2,"column":0},"end":{"line":2,"column":27}},"2":{"start":{"line":3,"column":16},"end":{"line":3,"column":34}},"3":{"start":{"line":4,"column":14},"end":{"line":4,"column":40}},"4":{"start":{"line":5,"column":12},"end":{"line":5,"column":26}},"5":{"start":{"line":6,"column":18},"end":{"line":6,"column":44}},"6":{"start":{"line":8,"column":15},"end":{"line":8,"column":31}},"7":{"start":{"line":10,"column":15},"end":{"line":15,"column":2}},"8":{"start":{"line":17,"column":0},"end":{"line":26,"column":3}},"9":{"start":{"line":18,"column":16},"end":{"line":23,"column":3}},"10":{"start":{"line":24,"column":2},"end":{"line":24,"column":21}},"11":{"start":{"line":25,"column":2},"end":{"line":25,"column":18}},"12":{"start":{"line":28,"column":0},"end":{"line":33,"column":3}},"13":{"start":{"line":29,"column":16},"end":{"line":29,"column":51}},"14":{"start":{"line":30,"column":2},"end":{"line":30,"column":70}},"15":{"start":{"line":30,"column":14},"end":{"line":30,"column":70}},"16":{"start":{"line":32,"column":2},"end":{"line":32,"column":18}},"17":{"start":{"line":35,"column":0},"end":{"line":57,"column":3}},"18":{"start":{"line":36,"column":2},"end":{"line":36,"column":50}},"19":{"start":{"line":37,"column":20},"end":{"line":37,"column":45}},"20":{"start":{"line":38,"column":2},"end":{"line":38,"column":67}},"21":{"start":{"line":38,"column":13},"end":{"line":38,"column":67}},"22":{"start":{"line":40,"column":16},"end":{"line":40,"column":54}},"23":{"start":{"line":41,"column":2},"end":{"line":41,"column":70}},"24":{"start":{"line":41,"column":14},"end":{"line":41,"column":70}},"25":{"start":{"line":42,"column":2},"end":{"line":56,"column":3}},"26":{"start":{"line":43,"column":16},"end":{"line":51,"column":6}},"27":{"start":{"line":52,"column":4},"end":{"line":52,"column":31}},"28":{"start":{"line":53,"column":4},"end":{"line":53,"column":20}},"29":{"start":{"line":55,"column":4},"end":{"line":55,"column":59}},"30":{"start":{"line":59,"column":0},"end":{"line":78,"column":3}},"31":{"start":{"line":60,"column":20},"end":{"line":60,"column":45}},"32":{"start":{"line":61,"column":2},"end":{"line":61,"column":55}},"33":{"start":{"line":61,"column":13},"end":{"line":61,"column":55}},"34":{"start":{"line":63,"column":16},"end":{"line":72,"column":3}},"35":{"start":{"line":73,"column":2},"end":{"line":73,"column":38}},"36":{"start":{"line":75,"column":2},"end":{"line":76,"column":72}},"37":{"start":{"line":76,"column":4},"end":{"line":76,"column":72}},"38":{"start":{"line":77,"column":2},"end":{"line":77,"column":18}},"39":{"start":{"line":80,"column":0},"end":{"line":84,"column":3}},"40":{"start":{"line":81,"column":16},"end":{"line":81,"column":68}},"41":{"start":{"line":82,"column":2},"end":{"line":82,"column":18}},"42":{"start":{"line":83,"column":2},"end":{"line":83,"column":21}},"43":{"start":{"line":85,"column":0},"end":{"line":85,"column":24}}},"fnMap":{"0":{"name":"(anonymous_0)","decl":{"start":{"line":17,"column":16},"end":{"line":17,"column":17}},"loc":{"start":{"line":17,"column":36},"end":{"line":26,"column":1}},"line":17},"1":{"name":"(anonymous_1)","decl":{"start":{"line":28,"column":19},"end":{"line":28,"column":20}},"loc":{"start":{"line":28,"column":39},"end":{"line":33,"column":1}},"line":28},"2":{"name":"(anonymous_2)","decl":{"start":{"line":35,"column":23},"end":{"line":35,"column":24}},"loc":{"start":{"line":35,"column":43},"end":{"line":57,"column":1}},"line":35},"3":{"name":"(anonymous_3)","decl":{"start":{"line":59,"column":25},"end":{"line":59,"column":26}},"loc":{"start":{"line":59,"column":45},"end":{"line":78,"column":1}},"line":59},"4":{"name":"(anonymous_4)","decl":{"start":{"line":80,"column":28},"end":{"line":80,"column":29}},"loc":{"start":{"line":80,"column":48},"end":{"line":84,"column":1}},"line":80}},"branchMap":{"0":{"loc":{"start":{"line":30,"column":2},"end":{"line":30,"column":70}},"type":"if","locations":[{"start":{"line":30,"column":2},"end":{"line":30,"column":70}},{"start":{},"end":{}}],"line":30},"1":{"loc":{"start":{"line":38,"column":2},"end":{"line":38,"column":67}},"type":"if","locations":[{"start":{"line":38,"column":2},"end":{"line":38,"column":67}},{"start":{},"end":{}}],"line":38},"2":{"loc":{"start":{"line":41,"column":2},"end":{"line":41,"column":70}},"type":"if","locations":[{"start":{"line":41,"column":2},"end":{"line":41,"column":70}},{"start":{},"end":{}}],"line":41},"3":{"loc":{"start":{"line":61,"column":2},"end":{"line":61,"column":55}},"type":"if","locations":[{"start":{"line":61,"column":2},"end":{"line":61,"column":55}},{"start":{},"end":{}}],"line":61},"4":{"loc":{"start":{"line":75,"column":2},"end":{"line":76,"column":72}},"type":"if","locations":[{"start":{"line":75,"column":2},"end":{"line":76,"column":72}},{"start":{},"end":{}}],"line":75}},"s":{"0":2,"1":2,"2":2,"3":2,"4":2,"5":2,"6":2,"7":2,"8":2,"9":0,"10":0,"11":0,"12":2,"13":0,"14":0,"15":0,"16":0,"17":2,"18":0,"19":0,"20":0,"21":0,"22":0,"23":0,"24":0,"25":0,"26":0,"27":0,"28":0,"29":0,"30":2,"31":0,"32":0,"33":0,"34":0,"35":0,"36":0,"37":0,"38":0,"39":2,"40":0,"41":0,"42":0,"43":2},"f":{"0":0,"1":0,"2":0,"3":0,"4":0},"b":{"0":[0,0],"1":[0,0],"2":[0,0],"3":[0,0],"4":[0,0]},"_coverageSchema":"1a1c01bbd47fc00a2c39e90264f33305004495a9","hash":"aa9d4bbc6d03b74acf4c2791eb750055fd7ebab6"}
,"C:\\Users\\songh\\OneDrive\\Desktop\\vidly\\routes\\rental.js": {"path":"C:\\Users\\songh\\OneDrive\\Desktop\\vidly\\routes\\rental.js","statementMap":{"0":{"start":{"line":1,"column":13},"end":{"line":1,"column":42}},"1":{"start":{"line":2,"column":16},"end":{"line":2,"column":34}},"2":{"start":{"line":3,"column":12},"end":{"line":3,"column":26}},"3":{"start":{"line":4,"column":17},"end":{"line":4,"column":46}},"4":{"start":{"line":5,"column":14},"end":{"line":5,"column":40}},"5":{"start":{"line":6,"column":15},"end":{"line":6,"column":42}},"6":{"start":{"line":7,"column":17},"end":{"line":7,"column":36}},"7":{"start":{"line":8,"column":15},"end":{"line":8,"column":31}},"8":{"start":{"line":10,"column":15},"end":{"line":16,"column":2}},"9":{"start":{"line":18,"column":0},"end":{"line":22,"column":3}},"10":{"start":{"line":19,"column":17},"end":{"line":19,"column":53}},"11":{"start":{"line":20,"column":2},"end":{"line":20,"column":22}},"12":{"start":{"line":21,"column":2},"end":{"line":21,"column":19}},"13":{"start":{"line":24,"column":0},"end":{"line":66,"column":3}},"14":{"start":{"line":25,"column":20},"end":{"line":25,"column":45}},"15":{"start":{"line":26,"column":2},"end":{"line":26,"column":67}},"16":{"start":{"line":26,"column":13},"end":{"line":26,"column":67}},"17":{"start":{"line":28,"column":19},"end":{"line":28,"column":63}},"18":{"start":{"line":29,"column":2},"end":{"line":29,"column":76}},"19":{"start":{"line":29,"column":17},"end":{"line":29,"column":76}},"20":{"start":{"line":31,"column":16},"end":{"line":31,"column":54}},"21":{"start":{"line":32,"column":2},"end":{"line":32,"column":70}},"22":{"start":{"line":32,"column":14},"end":{"line":32,"column":70}},"23":{"start":{"line":34,"column":2},"end":{"line":35,"column":53}},"24":{"start":{"line":35,"column":4},"end":{"line":35,"column":53}},"25":{"start":{"line":40,"column":2},"end":{"line":65,"column":3}},"26":{"start":{"line":41,"column":17},"end":{"line":52,"column":6}},"27":{"start":{"line":53,"column":4},"end":{"line":53,"column":24}},"28":{"start":{"line":55,"column":4},"end":{"line":55,"column":78}},"29":{"start":{"line":59,"column":4},"end":{"line":59,"column":21}},"30":{"start":{"line":62,"column":4},"end":{"line":62,"column":48}},"31":{"start":{"line":68,"column":0},"end":{"line":68,"column":24}}},"fnMap":{"0":{"name":"(anonymous_0)","decl":{"start":{"line":18,"column":16},"end":{"line":18,"column":17}},"loc":{"start":{"line":18,"column":36},"end":{"line":22,"column":1}},"line":18},"1":{"name":"(anonymous_1)","decl":{"start":{"line":24,"column":23},"end":{"line":24,"column":24}},"loc":{"start":{"line":24,"column":43},"end":{"line":66,"column":1}},"line":24}},"branchMap":{"0":{"loc":{"start":{"line":26,"column":2},"end":{"line":26,"column":67}},"type":"if","locations":[{"start":{"line":26,"column":2},"end":{"line":26,"column":67}},{"start":{},"end":{}}],"line":26},"1":{"loc":{"start":{"line":29,"column":2},"end":{"line":29,"column":76}},"type":"if","locations":[{"start":{"line":29,"column":2},"end":{"line":29,"column":76}},{"start":{},"end":{}}],"line":29},"2":{"loc":{"start":{"line":32,"column":2},"end":{"line":32,"column":70}},"type":"if","locations":[{"start":{"line":32,"column":2},"end":{"line":32,"column":70}},{"start":{},"end":{}}],"line":32},"3":{"loc":{"start":{"line":34,"column":2},"end":{"line":35,"column":53}},"type":"if","locations":[{"start":{"line":34,"column":2},"end":{"line":35,"column":53}},{"start":{},"end":{}}],"line":34}},"s":{"0":2,"1":2,"2":2,"3":2,"4":2,"5":2,"6":2,"7":2,"8":2,"9":2,"10":0,"11":0,"12":0,"13":2,"14":0,"15":0,"16":0,"17":0,"18":0,"19":0,"20":0,"21":0,"22":0,"23":0,"24":0,"25":0,"26":0,"27":0,"28":0,"29":0,"30":0,"31":2},"f":{"0":0,"1":0},"b":{"0":[0,0],"1":[0,0],"2":[0,0],"3":[0,0]},"_coverageSchema":"1a1c01bbd47fc00a2c39e90264f33305004495a9","hash":"713de666bc6867dc8351911e0ea06de70ab38524"}
,"C:\\Users\\songh\\OneDrive\\Desktop\\vidly\\routes\\user.js": {"path":"C:\\Users\\songh\\OneDrive\\Desktop\\vidly\\routes\\user.js","statementMap":{"0":{"start":{"line":1,"column":13},"end":{"line":1,"column":42}},"1":{"start":{"line":2,"column":12},"end":{"line":2,"column":35}},"2":{"start":{"line":3,"column":15},"end":{"line":3,"column":32}},"3":{"start":{"line":4,"column":16},"end":{"line":4,"column":34}},"4":{"start":{"line":5,"column":12},"end":{"line":5,"column":26}},"5":{"start":{"line":6,"column":10},"end":{"line":6,"column":27}},"6":{"start":{"line":7,"column":13},"end":{"line":7,"column":38}},"7":{"start":{"line":9,"column":15},"end":{"line":9,"column":31}},"8":{"start":{"line":11,"column":15},"end":{"line":15,"column":2}},"9":{"start":{"line":17,"column":0},"end":{"line":21,"column":3}},"10":{"start":{"line":18,"column":15},"end":{"line":18,"column":68}},"11":{"start":{"line":19,"column":2},"end":{"line":19,"column":17}},"12":{"start":{"line":20,"column":2},"end":{"line":20,"column":20}},"13":{"start":{"line":23,"column":0},"end":{"line":44,"column":3}},"14":{"start":{"line":24,"column":20},"end":{"line":24,"column":45}},"15":{"start":{"line":25,"column":2},"end":{"line":25,"column":67}},"16":{"start":{"line":25,"column":13},"end":{"line":25,"column":67}},"17":{"start":{"line":27,"column":13},"end":{"line":27,"column":58}},"18":{"start":{"line":28,"column":2},"end":{"line":28,"column":64}},"19":{"start":{"line":28,"column":12},"end":{"line":28,"column":64}},"20":{"start":{"line":30,"column":2},"end":{"line":43,"column":3}},"21":{"start":{"line":31,"column":4},"end":{"line":31,"column":69}},"22":{"start":{"line":33,"column":17},"end":{"line":33,"column":41}},"23":{"start":{"line":34,"column":4},"end":{"line":34,"column":59}},"24":{"start":{"line":36,"column":4},"end":{"line":36,"column":29}},"25":{"start":{"line":37,"column":18},"end":{"line":37,"column":42}},"26":{"start":{"line":38,"column":4},"end":{"line":40,"column":52}},"27":{"start":{"line":42,"column":4},"end":{"line":42,"column":62}},"28":{"start":{"line":46,"column":0},"end":{"line":46,"column":24}}},"fnMap":{"0":{"name":"(anonymous_0)","decl":{"start":{"line":17,"column":24},"end":{"line":17,"column":25}},"loc":{"start":{"line":17,"column":44},"end":{"line":21,"column":1}},"line":17},"1":{"name":"(anonymous_1)","decl":{"start":{"line":23,"column":22},"end":{"line":23,"column":23}},"loc":{"start":{"line":23,"column":42},"end":{"line":44,"column":1}},"line":23}},"branchMap":{"0":{"loc":{"start":{"line":25,"column":2},"end":{"line":25,"column":67}},"type":"if","locations":[{"start":{"line":25,"column":2},"end":{"line":25,"column":67}},{"start":{},"end":{}}],"line":25},"1":{"loc":{"start":{"line":28,"column":2},"end":{"line":28,"column":64}},"type":"if","locations":[{"start":{"line":28,"column":2},"end":{"line":28,"column":64}},{"start":{},"end":{}}],"line":28}},"s":{"0":2,"1":2,"2":2,"3":2,"4":2,"5":2,"6":2,"7":2,"8":2,"9":2,"10":0,"11":0,"12":0,"13":2,"14":0,"15":0,"16":0,"17":0,"18":0,"19":0,"20":0,"21":0,"22":0,"23":0,"24":0,"25":0,"26":0,"27":0,"28":2},"f":{"0":0,"1":0},"b":{"0":[0,0],"1":[0,0]},"_coverageSchema":"1a1c01bbd47fc00a2c39e90264f33305004495a9","hash":"e69f52d37235dd74c85094ed0e57c52b8b562b28"}
,"C:\\Users\\songh\\OneDrive\\Desktop\\vidly\\startup\\config.js": {"path":"C:\\Users\\songh\\OneDrive\\Desktop\\vidly\\startup\\config.js","statementMap":{"0":{"start":{"line":1,"column":0},"end":{"line":5,"column":2}},"1":{"start":{"line":2,"column":2},"end":{"line":4,"column":3}},"2":{"start":{"line":3,"column":4},"end":{"line":3,"column":73}}},"fnMap":{"0":{"name":"(anonymous_0)","decl":{"start":{"line":1,"column":17},"end":{"line":1,"column":18}},"loc":{"start":{"line":1,"column":29},"end":{"line":5,"column":1}},"line":1}},"branchMap":{"0":{"loc":{"start":{"line":2,"column":2},"end":{"line":4,"column":3}},"type":"if","locations":[{"start":{"line":2,"column":2},"end":{"line":4,"column":3}},{"start":{},"end":{}}],"line":2}},"s":{"0":2,"1":2,"2":0},"f":{"0":2},"b":{"0":[0,2]},"_coverageSchema":"1a1c01bbd47fc00a2c39e90264f33305004495a9","hash":"09b1bf4d2de6b4b87ecb8cdc98867005d191d8aa"}
,"C:\\Users\\songh\\OneDrive\\Desktop\\vidly\\startup\\dbHelper.js": {"path":"C:\\Users\\songh\\OneDrive\\Desktop\\vidly\\startup\\dbHelper.js","statementMap":{"0":{"start":{"line":2,"column":17},"end":{"line":2,"column":36}},"1":{"start":{"line":4,"column":0},"end":{"line":20,"column":2}},"2":{"start":{"line":7,"column":4},"end":{"line":7,"column":77}},"3":{"start":{"line":10,"column":2},"end":{"line":19,"column":75}},"4":{"start":{"line":13,"column":6},"end":{"line":17,"column":7}},"5":{"start":{"line":19,"column":20},"end":{"line":19,"column":73}}},"fnMap":{"0":{"name":"(anonymous_0)","decl":{"start":{"line":4,"column":17},"end":{"line":4,"column":18}},"loc":{"start":{"line":4,"column":29},"end":{"line":20,"column":1}},"line":4},"1":{"name":"(anonymous_1)","decl":{"start":{"line":12,"column":10},"end":{"line":12,"column":11}},"loc":{"start":{"line":12,"column":16},"end":{"line":18,"column":5}},"line":12},"2":{"name":"(anonymous_2)","decl":{"start":{"line":19,"column":11},"end":{"line":19,"column":12}},"loc":{"start":{"line":19,"column":20},"end":{"line":19,"column":73}},"line":19}},"branchMap":{"0":{"loc":{"start":{"line":7,"column":4},"end":{"line":7,"column":77}},"type":"cond-expr","locations":[{"start":{"line":7,"column":38},"end":{"line":7,"column":56}},{"start":{"line":7,"column":59},"end":{"line":7,"column":77}}],"line":7},"1":{"loc":{"start":{"line":13,"column":6},"end":{"line":17,"column":7}},"type":"if","locations":[{"start":{"line":13,"column":6},"end":{"line":17,"column":7}},{"start":{"line":15,"column":13},"end":{"line":17,"column":7}}],"line":13}},"s":{"0":2,"1":2,"2":2,"3":2,"4":2,"5":0},"f":{"0":2,"1":2,"2":0},"b":{"0":[2,0],"1":[0,2]},"_coverageSchema":"1a1c01bbd47fc00a2c39e90264f33305004495a9","hash":"a91173d1314e3f3241a7c6da1d987c4183b4f280"}
,"C:\\Users\\songh\\OneDrive\\Desktop\\vidly\\startup\\logging.js": {"path":"C:\\Users\\songh\\OneDrive\\Desktop\\vidly\\startup\\logging.js","statementMap":{"0":{"start":{"line":1,"column":16},"end":{"line":1,"column":34}},"1":{"start":{"line":2,"column":0},"end":{"line":2,"column":27}},"2":{"start":{"line":4,"column":0},"end":{"line":17,"column":2}},"3":{"start":{"line":5,"column":2},"end":{"line":7,"column":4}},"4":{"start":{"line":8,"column":2},"end":{"line":10,"column":5}},"5":{"start":{"line":9,"column":4},"end":{"line":9,"column":13}},"6":{"start":{"line":12,"column":2},"end":{"line":16,"column":4}}},"fnMap":{"0":{"name":"(anonymous_0)","decl":{"start":{"line":4,"column":17},"end":{"line":4,"column":18}},"loc":{"start":{"line":4,"column":29},"end":{"line":17,"column":1}},"line":4},"1":{"name":"(anonymous_1)","decl":{"start":{"line":8,"column":35},"end":{"line":8,"column":36}},"loc":{"start":{"line":8,"column":43},"end":{"line":10,"column":3}},"line":8}},"branchMap":{},"s":{"0":2,"1":2,"2":2,"3":2,"4":2,"5":0,"6":2},"f":{"0":2,"1":0},"b":{},"_coverageSchema":"1a1c01bbd47fc00a2c39e90264f33305004495a9","hash":"67412e2faed718f30dca2a9aeae610be9308209a"}
,"C:\\Users\\songh\\OneDrive\\Desktop\\vidly\\startup\\routes.js": {"path":"C:\\Users\\songh\\OneDrive\\Desktop\\vidly\\startup\\routes.js","statementMap":{"0":{"start":{"line":1,"column":16},"end":{"line":1,"column":34}},"1":{"start":{"line":2,"column":14},"end":{"line":2,"column":40}},"2":{"start":{"line":3,"column":17},"end":{"line":3,"column":46}},"3":{"start":{"line":4,"column":17},"end":{"line":4,"column":46}},"4":{"start":{"line":5,"column":14},"end":{"line":5,"column":40}},"5":{"start":{"line":6,"column":15},"end":{"line":6,"column":42}},"6":{"start":{"line":7,"column":13},"end":{"line":7,"column":38}},"7":{"start":{"line":8,"column":13},"end":{"line":8,"column":38}},"8":{"start":{"line":9,"column":14},"end":{"line":9,"column":44}},"9":{"start":{"line":11,"column":0},"end":{"line":21,"column":2}},"10":{"start":{"line":12,"column":2},"end":{"line":12,"column":26}},"11":{"start":{"line":13,"column":2},"end":{"line":13,"column":25}},"12":{"start":{"line":14,"column":2},"end":{"line":14,"column":31}},"13":{"start":{"line":15,"column":2},"end":{"line":15,"column":31}},"14":{"start":{"line":16,"column":2},"end":{"line":16,"column":37}},"15":{"start":{"line":17,"column":2},"end":{"line":17,"column":33}},"16":{"start":{"line":18,"column":2},"end":{"line":18,"column":24}},"17":{"start":{"line":19,"column":2},"end":{"line":19,"column":29}},"18":{"start":{"line":20,"column":2},"end":{"line":20,"column":17}}},"fnMap":{"0":{"name":"(anonymous_0)","decl":{"start":{"line":11,"column":17},"end":{"line":11,"column":18}},"loc":{"start":{"line":11,"column":32},"end":{"line":21,"column":1}},"line":11}},"branchMap":{},"s":{"0":2,"1":2,"2":2,"3":2,"4":2,"5":2,"6":2,"7":2,"8":2,"9":2,"10":2,"11":2,"12":2,"13":2,"14":2,"15":2,"16":2,"17":2,"18":2},"f":{"0":2},"b":{},"_coverageSchema":"1a1c01bbd47fc00a2c39e90264f33305004495a9","hash":"923d25246380cc0aa9544f8f606712be95b968c9"}
,"C:\\Users\\songh\\OneDrive\\Desktop\\vidly\\startup\\validation.js": {"path":"C:\\Users\\songh\\OneDrive\\Desktop\\vidly\\startup\\validation.js","statementMap":{"0":{"start":{"line":1,"column":12},"end":{"line":1,"column":26}},"1":{"start":{"line":3,"column":0},"end":{"line":5,"column":2}},"2":{"start":{"line":4,"column":2},"end":{"line":4,"column":46}}},"fnMap":{"0":{"name":"(anonymous_0)","decl":{"start":{"line":3,"column":17},"end":{"line":3,"column":18}},"loc":{"start":{"line":3,"column":29},"end":{"line":5,"column":1}},"line":3}},"branchMap":{},"s":{"0":2,"1":2,"2":2},"f":{"0":2},"b":{},"_coverageSchema":"1a1c01bbd47fc00a2c39e90264f33305004495a9","hash":"1cd0d77b5f9795c8a5bc54309d43a8c05ed041ed"}
}
